<?xml version="1.0" encoding="UTF-8"?>
<testsuite xmlns:xsi="http://www.w3.org/2001/XMLSchema-instance" xsi:noNamespaceSchemaLocation="https://maven.apache.org/surefire/maven-surefire-plugin/xsd/surefire-test-report.xsd" name="com.sds.osdr.chemicalparser.tests.ChemicalParserTests" time="0.34" tests="2" errors="0" skipped="0" failures="0">
  <properties>
[...]
</properties>
  <testcase name="testMethodForCdx" classname="com.sds.osdr.chemicalparser.tests.ChemicalParserTests" time="0.282"/>
  <testcase name="testMethodForSdf" classname="com.sds.osdr.chemicalparser.tests.ChemicalParserTests" time="0.025"/>
</testsuite>